<?xml version="1.0" encoding="UTF-8"?>
<coverage generated="1576237511298" clover="3.2.0">
  <project timestamp="1576237511298" name="All files">
    <metrics statements="23" coveredstatements="17" conditionals="2" coveredconditionals="1" methods="5" coveredmethods="4" elements="30" coveredelements="22" complexity="0" loc="23" ncloc="23" packages="1" files="1" classes="1"/>
    <file name="GetCoinsForm.js" path="/Users/crissmoosman/Repos/dev-sandbox/React-SSR/react-ssr-app/src/components/GetCoinsForm.js">
      <metrics statements="23" coveredstatements="17" conditionals="2" coveredconditionals="1" methods="5" coveredmethods="4"/>
      <line num="3" count="1" type="stmt"/>
      <line num="4" count="6" type="stmt"/>
      <line num="5" count="6" type="stmt"/>
      <line num="7" count="6" type="stmt"/>
      <line num="8" count="2" type="stmt"/>
      <line num="11" count="6" type="stmt"/>
      <line num="12" count="2" type="stmt"/>
      <line num="13" count="2" type="stmt"/>
      <line num="14" count="2" type="stmt"/>
      <line num="15" count="2" type="stmt"/>
      <line num="18" count="6" type="stmt"/>
      <line num="26" count="6" type="stmt"/>
      <line num="29" count="2" type="stmt"/>
      <line num="30" count="2" type="cond" truecount="1" falsecount="1"/>
      <line num="31" count="0" type="stmt"/>
      <line num="32" count="0" type="stmt"/>
      <line num="33" count="0" type="stmt"/>
      <line num="34" count="0" type="stmt"/>
      <line num="35" count="0" type="stmt"/>
      <line num="38" count="2" type="stmt"/>
      <line num="39" count="0" type="stmt"/>
      <line num="41" count="2" type="stmt"/>
      <line num="44" count="6" type="stmt"/>
    </file>
  </project>
</coverage>
