{"/Users/crissmoosman/Repos/dev-sandbox/React-SSR/react-ssr-app/src/App.js": {"path":"/Users/crissmoosman/Repos/dev-sandbox/React-SSR/react-ssr-app/src/App.js","statementMap":{"0":{"start":{"line":8,"column":19},"end":{"line":8,"column":63}},"1":{"start":{"line":10,"column":12},"end":{"line":44,"column":1}},"2":{"start":{"line":11,"column":34},"end":{"line":11,"column":46}},"3":{"start":{"line":12,"column":30},"end":{"line":12,"column":42}},"4":{"start":{"line":13,"column":21},"end":{"line":15,"column":3}},"5":{"start":{"line":14,"column":4},"end":{"line":14,"column":28}},"6":{"start":{"line":17,"column":2},"end":{"line":21,"column":7}},"7":{"start":{"line":19,"column":22},"end":{"line":19,"column":30}},"8":{"start":{"line":20,"column":6},"end":{"line":20,"column":25}},"9":{"start":{"line":23,"column":2},"end":{"line":43,"column":4}},"10":{"start":{"line":37,"column":12},"end":{"line":39,"column":18}}},"fnMap":{"0":{"name":"(anonymous_0)","decl":{"start":{"line":10,"column":12},"end":{"line":10,"column":13}},"loc":{"start":{"line":10,"column":18},"end":{"line":44,"column":1}},"line":10},"1":{"name":"(anonymous_1)","decl":{"start":{"line":13,"column":21},"end":{"line":13,"column":22}},"loc":{"start":{"line":13,"column":35},"end":{"line":15,"column":3}},"line":13},"2":{"name":"(anonymous_2)","decl":{"start":{"line":18,"column":10},"end":{"line":18,"column":11}},"loc":{"start":{"line":18,"column":17},"end":{"line":21,"column":5}},"line":18},"3":{"name":"(anonymous_3)","decl":{"start":{"line":36,"column":23},"end":{"line":36,"column":24}},"loc":{"start":{"line":37,"column":12},"end":{"line":39,"column":18}},"line":37}},"branchMap":{},"s":{"0":0,"1":0,"2":0,"3":0,"4":0,"5":0,"6":0,"7":0,"8":0,"9":0,"10":0},"f":{"0":0,"1":0,"2":0,"3":0},"b":{},"hash":"bdb6c8254eaa9209fcf7b1253a4ad33cdc698307"}
,"/Users/crissmoosman/Repos/dev-sandbox/React-SSR/react-ssr-app/src/components/GetCoinsForm.js": {"path":"/Users/crissmoosman/Repos/dev-sandbox/React-SSR/react-ssr-app/src/components/GetCoinsForm.js","statementMap":{"0":{"start":{"line":3,"column":21},"end":{"line":67,"column":1}},"1":{"start":{"line":4,"column":38},"end":{"line":4,"column":50}},"2":{"start":{"line":5,"column":46},"end":{"line":5,"column":58}},"3":{"start":{"line":7,"column":29},"end":{"line":9,"column":5}},"4":{"start":{"line":8,"column":8},"end":{"line":8,"column":41}},"5":{"start":{"line":11,"column":23},"end":{"line":16,"column":5}},"6":{"start":{"line":12,"column":24},"end":{"line":12,"column":57}},"7":{"start":{"line":13,"column":8},"end":{"line":13,"column":26}},"8":{"start":{"line":14,"column":8},"end":{"line":14,"column":25}},"9":{"start":{"line":15,"column":8},"end":{"line":15,"column":37}},"10":{"start":{"line":18,"column":23},"end":{"line":24,"column":5}},"11":{"start":{"line":26,"column":22},"end":{"line":26,"column":25}},"12":{"start":{"line":29,"column":24},"end":{"line":29,"column":25}},"13":{"start":{"line":30,"column":6},"end":{"line":36,"column":7}},"14":{"start":{"line":31,"column":21},"end":{"line":31,"column":44}},"15":{"start":{"line":32,"column":30},"end":{"line":32,"column":70}},"16":{"start":{"line":33,"column":8},"end":{"line":33,"column":45}},"17":{"start":{"line":34,"column":8},"end":{"line":34,"column":54}},"18":{"start":{"line":35,"column":8},"end":{"line":35,"column":22}},"19":{"start":{"line":38,"column":19},"end":{"line":40,"column":19}},"20":{"start":{"line":39,"column":25},"end":{"line":39,"column":62}},"21":{"start":{"line":41,"column":8},"end":{"line":41,"column":29}},"22":{"start":{"line":44,"column":2},"end":{"line":66,"column":4}}},"fnMap":{"0":{"name":"(anonymous_0)","decl":{"start":{"line":3,"column":21},"end":{"line":3,"column":22}},"loc":{"start":{"line":3,"column":37},"end":{"line":67,"column":1}},"line":3},"1":{"name":"(anonymous_1)","decl":{"start":{"line":7,"column":29},"end":{"line":7,"column":30}},"loc":{"start":{"line":7,"column":38},"end":{"line":9,"column":5}},"line":7},"2":{"name":"(anonymous_2)","decl":{"start":{"line":11,"column":23},"end":{"line":11,"column":24}},"loc":{"start":{"line":11,"column":29},"end":{"line":16,"column":5}},"line":11},"3":{"name":"generateCoinChange","decl":{"start":{"line":28,"column":13},"end":{"line":28,"column":31}},"loc":{"start":{"line":28,"column":49},"end":{"line":42,"column":5}},"line":28},"4":{"name":"(anonymous_4)","decl":{"start":{"line":39,"column":13},"end":{"line":39,"column":14}},"loc":{"start":{"line":39,"column":25},"end":{"line":39,"column":62}},"line":39}},"branchMap":{"0":{"loc":{"start":{"line":30,"column":13},"end":{"line":30,"column":67}},"type":"binary-expr","locations":[{"start":{"line":30,"column":13},"end":{"line":30,"column":32}},{"start":{"line":30,"column":36},"end":{"line":30,"column":67}}],"line":30}},"s":{"0":1,"1":6,"2":6,"3":6,"4":2,"5":6,"6":2,"7":2,"8":2,"9":2,"10":6,"11":6,"12":2,"13":2,"14":0,"15":0,"16":0,"17":0,"18":0,"19":2,"20":0,"21":2,"22":6},"f":{"0":6,"1":2,"2":2,"3":2,"4":0},"b":{"0":[2,0]},"_coverageSchema":"43e27e138ebf9cfc5966b082cf9a028302ed4184","hash":"953f0fdbf67ea8b73a596699d093b689105804b9"}
,"/Users/crissmoosman/Repos/dev-sandbox/React-SSR/react-ssr-app/src/components/UserList.js": {"path":"/Users/crissmoosman/Repos/dev-sandbox/React-SSR/react-ssr-app/src/components/UserList.js","statementMap":{"0":{"start":{"line":3,"column":17},"end":{"line":9,"column":1}},"1":{"start":{"line":4,"column":4},"end":{"line":8,"column":9}}},"fnMap":{"0":{"name":"(anonymous_0)","decl":{"start":{"line":3,"column":17},"end":{"line":3,"column":18}},"loc":{"start":{"line":4,"column":4},"end":{"line":8,"column":9}},"line":4}},"branchMap":{"0":{"loc":{"start":{"line":5,"column":9},"end":{"line":6,"column":43}},"type":"binary-expr","locations":[{"start":{"line":5,"column":9},"end":{"line":5,"column":13}},{"start":{"line":6,"column":12},"end":{"line":6,"column":43}}],"line":5}},"s":{"0":1,"1":1},"f":{"0":1},"b":{"0":[1,1]},"_coverageSchema":"43e27e138ebf9cfc5966b082cf9a028302ed4184","hash":"f5c00e32c0a1b5fd3c7481dfc853cd06588a887c"}
}
