TN:
SF:/Users/crissmoosman/Repos/dev-sandbox/React-SSR/react-ssr-app/src/App.js
FN:10,(anonymous_0)
FN:13,(anonymous_1)
FN:18,(anonymous_2)
FN:36,(anonymous_3)
FNF:4
FNH:0
FNDA:0,(anonymous_0)
FNDA:0,(anonymous_1)
FNDA:0,(anonymous_2)
FNDA:0,(anonymous_3)
DA:8,0
DA:10,0
DA:11,0
DA:12,0
DA:13,0
DA:14,0
DA:17,0
DA:19,0
DA:20,0
DA:23,0
DA:37,0
LF:11
LH:0
BRF:0
BRH:0
end_of_record
TN:
SF:/Users/crissmoosman/Repos/dev-sandbox/React-SSR/react-ssr-app/src/components/GetCoinsForm.js
FN:3,(anonymous_0)
FN:7,(anonymous_1)
FN:11,(anonymous_2)
FN:28,generateCoinChange
FN:39,(anonymous_4)
FNF:5
FNH:4
FNDA:6,(anonymous_0)
FNDA:2,(anonymous_1)
FNDA:2,(anonymous_2)
FNDA:2,generateCoinChange
FNDA:0,(anonymous_4)
DA:3,1
DA:4,6
DA:5,6
DA:7,6
DA:8,2
DA:11,6
DA:12,2
DA:13,2
DA:14,2
DA:15,2
DA:18,6
DA:26,6
DA:29,2
DA:30,2
DA:31,0
DA:32,0
DA:33,0
DA:34,0
DA:35,0
DA:38,2
DA:39,0
DA:41,2
DA:44,6
LF:23
LH:17
BRDA:30,0,0,2
BRDA:30,0,1,0
BRF:2
BRH:1
end_of_record
TN:
SF:/Users/crissmoosman/Repos/dev-sandbox/React-SSR/react-ssr-app/src/components/UserList.js
FN:3,(anonymous_0)
FNF:1
FNH:1
FNDA:1,(anonymous_0)
DA:3,1
DA:4,1
LF:2
LH:2
BRDA:5,0,0,1
BRDA:5,0,1,1
BRF:2
BRH:2
end_of_record
